<?xml version="1.0" encoding="UTF-8"?>
<!-- Generated by org.testng.reporters.JUnitReportReporter -->
<testsuite hostname="LAPTOP-2G3SQ2CA" failures="0" tests="1" name="jenkinsTest.Jktest001_Test" time="7.445" errors="0" timestamp="2024-06-04T16:29:46 IST" skipped="0">
  <testcase classname="jenkinsTest.Jktest001_Test" name="launch" time="7.445"/>
  <system-out/>
</testsuite> <!-- jenkinsTest.Jktest001_Test -->
